<?xml version="1.0" encoding="UTF-8"?>
<testng-results skipped="0" failed="0" total="1" passed="1">
  <reporter-output>
  </reporter-output>
  <suite name="Default suite" duration-ms="7453" started-at="2017-05-05T16:56:40Z" finished-at="2017-05-05T16:56:48Z">
    <groups>
    </groups>
    <test name="Default test" duration-ms="7453" started-at="2017-05-05T16:56:40Z" finished-at="2017-05-05T16:56:48Z">
      <class name="com.ebank.master.Exepom">
        <test-method status="PASS" signature="login()[pri:0, instance:com.ebank.master.Exepom@2ccddcf6]" name="login" duration-ms="7416" started-at="2017-05-05T22:26:40Z" finished-at="2017-05-05T22:26:48Z">
          <reporter-output>
          </reporter-output>
        </test-method> <!-- login -->
      </class> <!-- com.ebank.master.Exepom -->
    </test> <!-- Default test -->
  </suite> <!-- Default suite -->
</testng-results>
